<?xml version="1.0" encoding="UTF-8"?>
<robot generator="Robot 7.0 (Python 3.12.3 on win32)" generated="2024-05-01T16:26:39.698235" rpa="false" schemaversion="5">
<suite id="s1" name="Walkdog-Robot" source="D:\Projects\Robot\walkdog-robot">
<suite id="s1-s1" name="Signup" source="D:\Projects\Robot\walkdog-robot\signup.robot">
<test id="s1-s1-t1" name="Deve poder cadastrar um novo dog walker" line="7">
<kw name="Set Variable" owner="BuiltIn">
<msg time="2024-05-01T16:26:40.525442" level="INFO">${name} = Elton Dantas</msg>
<var>${name}</var>
<arg>Elton Dantas</arg>
<doc>Returns the given values which can then be assigned to a variables.</doc>
<status status="PASS" start="2024-05-01T16:26:40.524463" elapsed="0.000979"/>
</kw>
<kw name="Set Variable" owner="BuiltIn">
<msg time="2024-05-01T16:26:40.526908" level="INFO">${email} = elton.chagas.dantas@gmail.com</msg>
<var>${email}</var>
<arg>elton.chagas.dantas@gmail.com</arg>
<doc>Returns the given values which can then be assigned to a variables.</doc>
<status status="PASS" start="2024-05-01T16:26:40.526399" elapsed="0.000509"/>
</kw>
<kw name="Set Variable" owner="BuiltIn">
<msg time="2024-05-01T16:26:40.528914" level="INFO">${cpf} = 00000014141</msg>
<var>${cpf}</var>
<arg>00000014141</arg>
<doc>Returns the given values which can then be assigned to a variables.</doc>
<status status="PASS" start="2024-05-01T16:26:40.527933" elapsed="0.000981"/>
</kw>
<kw name="Set Variable" owner="BuiltIn">
<msg time="2024-05-01T16:26:40.529915" level="INFO">${cep} = 04534011</msg>
<var>${cep}</var>
<arg>04534011</arg>
<doc>Returns the given values which can then be assigned to a variables.</doc>
<status status="PASS" start="2024-05-01T16:26:40.529915" elapsed="0.001013"/>
</kw>
<kw name="Set Variable" owner="BuiltIn">
<msg time="2024-05-01T16:26:40.531919" level="INFO">${addressStreet} = Rua Joaquim Floriano</msg>
<var>${addressStreet}</var>
<arg>Rua Joaquim Floriano</arg>
<doc>Returns the given values which can then be assigned to a variables.</doc>
<status status="PASS" start="2024-05-01T16:26:40.530928" elapsed="0.000991"/>
</kw>
<kw name="Set Variable" owner="BuiltIn">
<msg time="2024-05-01T16:26:40.533192" level="INFO">${addressDistrict} = Itaim Bibi</msg>
<var>${addressDistrict}</var>
<arg>Itaim Bibi</arg>
<doc>Returns the given values which can then be assigned to a variables.</doc>
<status status="PASS" start="2024-05-01T16:26:40.533192" elapsed="0.000000"/>
</kw>
<kw name="Set Variable" owner="BuiltIn">
<msg time="2024-05-01T16:26:40.534786" level="INFO">${addressCityUf} = São Paulo/SP</msg>
<var>${addressCityUf}</var>
<arg>São Paulo/SP</arg>
<doc>Returns the given values which can then be assigned to a variables.</doc>
<status status="PASS" start="2024-05-01T16:26:40.534786" elapsed="0.000919"/>
</kw>
<kw name="Set Variable" owner="BuiltIn">
<msg time="2024-05-01T16:26:40.538126" level="INFO">${addressNumber} = 1000</msg>
<var>${addressNumber}</var>
<arg>1000</arg>
<doc>Returns the given values which can then be assigned to a variables.</doc>
<status status="PASS" start="2024-05-01T16:26:40.536706" elapsed="0.001420"/>
</kw>
<kw name="Set Variable" owner="BuiltIn">
<msg time="2024-05-01T16:26:40.539131" level="INFO">${addressDetails} = apto2002</msg>
<var>${addressDetails}</var>
<arg>apto2002</arg>
<doc>Returns the given values which can then be assigned to a variables.</doc>
<status status="PASS" start="2024-05-01T16:26:40.539131" elapsed="0.000991"/>
</kw>
<kw name="Set Variable" owner="BuiltIn">
<msg time="2024-05-01T16:26:40.542121" level="INFO">${expected_text} = Recebemos o seu cadastro e em breve retornaremos o contato.</msg>
<var>${expected_text}</var>
<arg>Recebemos o seu cadastro e em breve retornaremos o contato.</arg>
<doc>Returns the given values which can then be assigned to a variables.</doc>
<status status="PASS" start="2024-05-01T16:26:40.541122" elapsed="0.000999"/>
</kw>
<kw name="Set Variable" owner="BuiltIn">
<msg time="2024-05-01T16:26:40.543151" level="INFO">${document} = toretto.jpg</msg>
<var>${document}</var>
<arg>toretto.jpg</arg>
<doc>Returns the given values which can then be assigned to a variables.</doc>
<status status="PASS" start="2024-05-01T16:26:40.543151" elapsed="0.000000"/>
</kw>
<kw name="Go to signup page">
<kw name="New Browser" owner="Browser">
<msg time="2024-05-01T16:26:40.545120" level="INFO">{"browser": "chromium", "headless": false, "chromiumSandbox": false, "devtools": false, "handleSIGHUP": true, "handleSIGINT": true, "handleSIGTERM": true, "slowMo": 0.0, "timeout": 30000.0, "tracesDir": "D:\\Projects\\Robot\\walkdog-robot\\results\\browser\\traces\\bd6f5d65-45ca-41ab-a70d-d48981637ea3"}</msg>
<msg time="2024-05-01T16:26:40.810359" level="INFO">Successfully created browser with options: {"browser":"chromium","headless":false,"chromiumSandbox":false,"devtools":false,"handleSIGHUP":true,"handleSIGINT":true,"handleSIGTERM":true,"slowMo":0,"timeout":30000,"tracesDir":"D:\\Projects\\Robot\\walkdog-robot\\results\\browser\\traces\\bd6f5d65-45ca-41ab-a70d-d48981637ea3"}</msg>
<arg>browser=chromium</arg>
<arg>headless=False</arg>
<tag>BrowserControl</tag>
<tag>Setter</tag>
<doc>Create a new playwright Browser with specified options.</doc>
<status status="PASS" start="2024-05-01T16:26:40.545120" elapsed="0.266239"/>
</kw>
<kw name="New Page" owner="Browser">
<msg time="2024-05-01T16:26:42.270043" level="INFO">Successfully initialized new page object and opened url: https://walkdog.vercel.app/signup</msg>
<msg time="2024-05-01T16:26:42.271040" level="INFO">No context was open. New context was automatically opened when this page is created.</msg>
<arg>https://walkdog.vercel.app/signup</arg>
<tag>BrowserControl</tag>
<tag>Setter</tag>
<doc>Open a new Page.</doc>
<status status="PASS" start="2024-05-01T16:26:40.811359" elapsed="1.459681"/>
</kw>
<kw name="Wait For Elements State" owner="Browser">
<msg time="2024-05-01T16:26:42.319040" level="INFO">Waited for Element with selector form h1 at state visible</msg>
<arg>form h1</arg>
<arg>visible</arg>
<arg>5000</arg>
<tag>PageContent</tag>
<tag>Wait</tag>
<doc>Waits for the element found by ``selector`` to satisfy state option.</doc>
<status status="PASS" start="2024-05-01T16:26:42.271040" elapsed="0.049007"/>
</kw>
<kw name="Get Text" owner="Browser">
<msg time="2024-05-01T16:26:42.361678" level="INFO">Text: 'Faça seu cadastro'</msg>
<arg>form h1</arg>
<arg>equal</arg>
<arg>Faça seu cadastro</arg>
<tag>Assertion</tag>
<tag>Getter</tag>
<tag>PageContent</tag>
<doc>Returns text attribute of the element found by ``selector``.</doc>
<status status="PASS" start="2024-05-01T16:26:42.320047" elapsed="0.042630"/>
</kw>
<status status="PASS" start="2024-05-01T16:26:40.544115" elapsed="1.818562"/>
</kw>
<kw name="Fill signup form">
<kw name="Fill Text" owner="Browser">
<msg time="2024-05-01T16:26:42.365708" level="INFO">Fills the text 'Elton Dantas' in the given field.</msg>
<arg>css=input[name=name]</arg>
<arg>${name}</arg>
<tag>PageContent</tag>
<tag>Setter</tag>
<doc>Clears and fills the given ``txt`` into the text field found by ``selector``.</doc>
<status status="PASS" start="2024-05-01T16:26:42.364672" elapsed="0.035001"/>
</kw>
<kw name="Fill Text" owner="Browser">
<msg time="2024-05-01T16:26:42.401673" level="INFO">Fills the text 'elton.chagas.dantas@gmail.com' in the given field.</msg>
<arg>css=input[name=email]</arg>
<arg>${email}</arg>
<tag>PageContent</tag>
<tag>Setter</tag>
<doc>Clears and fills the given ``txt`` into the text field found by ``selector``.</doc>
<status status="PASS" start="2024-05-01T16:26:42.399673" elapsed="0.031057"/>
</kw>
<kw name="Fill Text" owner="Browser">
<msg time="2024-05-01T16:26:42.431730" level="INFO">Fills the text '00000014141' in the given field.</msg>
<arg>css=input[name=cpf]</arg>
<arg>${cpf}</arg>
<tag>PageContent</tag>
<tag>Setter</tag>
<doc>Clears and fills the given ``txt`` into the text field found by ``selector``.</doc>
<status status="PASS" start="2024-05-01T16:26:42.431730" elapsed="0.029315"/>
</kw>
<kw name="Fill Text" owner="Browser">
<msg time="2024-05-01T16:26:42.462030" level="INFO">Fills the text '04534011' in the given field.</msg>
<arg>css=input[name=cep]</arg>
<arg>${cep}</arg>
<tag>PageContent</tag>
<tag>Setter</tag>
<doc>Clears and fills the given ``txt`` into the text field found by ``selector``.</doc>
<status status="PASS" start="2024-05-01T16:26:42.461045" elapsed="0.026988"/>
</kw>
<kw name="Click" owner="Browser">
<msg time="2024-05-01T16:26:42.490032" level="INFO">Clicks the element 'css=input[type=button][value$=CEP]'.</msg>
<arg>css=input[type=button][value$=CEP]</arg>
<tag>PageContent</tag>
<tag>Setter</tag>
<doc>Simulates mouse click on the element found by ``selector``.</doc>
<status status="PASS" start="2024-05-01T16:26:42.488033" elapsed="0.056569"/>
</kw>
<kw name="Get Property" owner="Browser">
<msg time="2024-05-01T16:26:43.016506" level="INFO">Property: 'Rua Joaquim Floriano'</msg>
<arg>css=input[name=addressStreet]</arg>
<arg>value</arg>
<arg>equal</arg>
<arg>${addressStreet}</arg>
<tag>Assertion</tag>
<tag>Getter</tag>
<tag>PageContent</tag>
<doc>Returns the ``property`` of the element found by ``selector``.</doc>
<status status="PASS" start="2024-05-01T16:26:42.544602" elapsed="0.472932"/>
</kw>
<kw name="Get Property" owner="Browser">
<msg time="2024-05-01T16:26:43.031518" level="INFO">Property: 'Itaim Bibi'</msg>
<arg>css=input[name=addressDistrict]</arg>
<arg>value</arg>
<arg>equal</arg>
<arg>${addressDistrict}</arg>
<tag>Assertion</tag>
<tag>Getter</tag>
<tag>PageContent</tag>
<doc>Returns the ``property`` of the element found by ``selector``.</doc>
<status status="PASS" start="2024-05-01T16:26:43.017534" elapsed="0.014984"/>
</kw>
<kw name="Get Property" owner="Browser">
<msg time="2024-05-01T16:26:43.050054" level="INFO">Property: 'São Paulo/SP'</msg>
<arg>css=input[name=addressCityUf]</arg>
<arg>value</arg>
<arg>equal</arg>
<arg>${addressCityUf}</arg>
<tag>Assertion</tag>
<tag>Getter</tag>
<tag>PageContent</tag>
<doc>Returns the ``property`` of the element found by ``selector``.</doc>
<status status="PASS" start="2024-05-01T16:26:43.032518" elapsed="0.017536"/>
</kw>
<kw name="Fill Text" owner="Browser">
<msg time="2024-05-01T16:26:43.051055" level="INFO">Fills the text '1000' in the given field.</msg>
<arg>css=input[name=addressNumber]</arg>
<arg>${addressNumber}</arg>
<tag>PageContent</tag>
<tag>Setter</tag>
<doc>Clears and fills the given ``txt`` into the text field found by ``selector``.</doc>
<status status="PASS" start="2024-05-01T16:26:43.050054" elapsed="0.027022"/>
</kw>
<kw name="Fill Text" owner="Browser">
<msg time="2024-05-01T16:26:43.079058" level="INFO">Fills the text 'apto2002' in the given field.</msg>
<arg>css=input[name=addressDetails]</arg>
<arg>${addressDetails}</arg>
<tag>PageContent</tag>
<tag>Setter</tag>
<doc>Clears and fills the given ``txt`` into the text field found by ``selector``.</doc>
<status status="PASS" start="2024-05-01T16:26:43.078055" elapsed="0.022554"/>
</kw>
<kw name="Upload File By Selector" owner="Browser">
<arg>css=input[type=file]</arg>
<arg>${EXECDIR}/${document}</arg>
<tag>PageContent</tag>
<tag>Setter</tag>
<doc>Uploads file from `path` to file input element matched by selector.</doc>
<status status="PASS" start="2024-05-01T16:26:43.100609" elapsed="0.025037"/>
</kw>
<arg>${name}</arg>
<arg>${email}</arg>
<arg>${cpf}</arg>
<arg>${cep}</arg>
<arg>${addressStreet}</arg>
<arg>${addressDistrict}</arg>
<arg>${addressCityUf}</arg>
<arg>${addressNumber}</arg>
<arg>${addressDetails}</arg>
<arg>${document}</arg>
<status status="PASS" start="2024-05-01T16:26:42.363674" elapsed="0.762972"/>
</kw>
<kw name="Submit signup form">
<kw name="Click" owner="Browser">
<msg time="2024-05-01T16:26:43.130645" level="INFO">Clicks the element 'css=.button-register'.</msg>
<arg>css=.button-register</arg>
<tag>PageContent</tag>
<tag>Setter</tag>
<doc>Simulates mouse click on the element found by ``selector``.</doc>
<status status="PASS" start="2024-05-01T16:26:43.128647" elapsed="0.061354"/>
</kw>
<status status="PASS" start="2024-05-01T16:26:43.127648" elapsed="0.062353"/>
</kw>
<kw name="Alert should be">
<kw name="Wait For Elements State" owner="Browser">
<msg time="2024-05-01T16:26:44.042434" level="INFO">Waited for Element with selector css=.swal2-html-container at state visible</msg>
<arg>css=.swal2-html-container</arg>
<arg>visible</arg>
<arg>5</arg>
<tag>PageContent</tag>
<tag>Wait</tag>
<doc>Waits for the element found by ``selector`` to satisfy state option.</doc>
<status status="PASS" start="2024-05-01T16:26:43.190999" elapsed="0.852438"/>
</kw>
<kw name="Get Text" owner="Browser">
<msg time="2024-05-01T16:26:44.063433" level="INFO">Text: 'Recebemos o seu cadastro e em breve retornaremos o contato.'</msg>
<arg>css=.swal2-html-container</arg>
<arg>equal</arg>
<arg>${expected_text}</arg>
<tag>Assertion</tag>
<tag>Getter</tag>
<tag>PageContent</tag>
<doc>Returns text attribute of the element found by ``selector``.</doc>
<status status="PASS" start="2024-05-01T16:26:44.043437" elapsed="0.019996"/>
</kw>
<arg>${expected_text}</arg>
<status status="PASS" start="2024-05-01T16:26:43.190999" elapsed="0.872434"/>
</kw>
<status status="PASS" start="2024-05-01T16:26:40.519401" elapsed="3.545038"/>
</test>
<doc>Suite de testes de cadastro de dog walker</doc>
<status status="PASS" start="2024-05-01T16:26:39.726641" elapsed="4.436364"/>
</suite>
<status status="PASS" start="2024-05-01T16:26:39.703200" elapsed="4.470803"/>
</suite>
<statistics>
<total>
<stat pass="1" fail="0" skip="0">All Tests</stat>
</total>
<tag>
</tag>
<suite>
<stat pass="1" fail="0" skip="0" id="s1" name="Walkdog-Robot">Walkdog-Robot</stat>
<stat pass="1" fail="0" skip="0" id="s1-s1" name="Signup">Walkdog-Robot.Signup</stat>
</suite>
</statistics>
<errors>
</errors>
</robot>
